2025-03-12 17:52:30,190 - __main__ - INFO - Summarizer initialized successfully
2025-03-12 17:52:30,191 - __main__ - INFO - Loaded 0 posts
2025-03-12 17:52:30,191 - __main__ - INFO - Generated digest
2025-03-12 17:52:30,191 - __main__ - INFO - Saved digest to data/digests/digest_2025-03-12.txt
2025-03-12 17:52:30,191 - __main__ - INFO - Saved digest
2025-03-13 03:02:09,387 - __main__ - INFO - Summarizer initialized successfully
2025-03-13 03:02:09,387 - __main__ - INFO - Loaded 0 posts
2025-03-13 03:02:09,387 - __main__ - INFO - Generated digest
2025-03-13 03:02:09,387 - __main__ - INFO - Saved digest to data/digests/digest_2025-03-13.txt
2025-03-13 03:02:09,387 - __main__ - INFO - Saved digest
2025-03-14 03:00:16,206 - __main__ - INFO - Summarizer initialized successfully
2025-03-14 03:00:16,206 - __main__ - INFO - Loaded 0 posts
2025-03-14 03:00:16,206 - __main__ - INFO - Generated digest
2025-03-14 03:00:16,207 - __main__ - INFO - Saved digest to data/digests/digest_2025-03-14.txt
2025-03-14 03:00:16,207 - __main__ - INFO - Saved digest
2025-03-15 02:57:26,685 - __main__ - INFO - Summarizer initialized successfully
2025-03-15 02:57:26,686 - __main__ - INFO - Loaded 0 posts
2025-03-15 02:57:26,686 - __main__ - INFO - Generated digest
2025-03-15 02:57:26,686 - __main__ - INFO - Saved digest to data/digests/digest_2025-03-15.txt
2025-03-15 02:57:26,686 - __main__ - INFO - Saved digest
